<?xml version="1.0" encoding="UTF-8"?>
<!-- Generated by org.testng.reporters.JUnitReportReporter -->
<testsuite skipped="0" hostname="DEVI" name="tests.TC003_FindLead" tests="1" failures="0" timestamp="2021-07-25T22:22:32 IST" time="40.121" errors="0">
  <testcase name="findLead" time="40.121" classname="tests.TC003_FindLead"/>
  <system-out/>
</testsuite> <!-- tests.TC003_FindLead -->
