<?xml version="1.0" encoding="UTF-8"?>
<!-- Generated by org.testng.reporters.JUnitReportReporter -->
<testsuite skipped="0" hostname="DEVI" name="tests.TC001_LoginLogout" tests="1" failures="0" timestamp="2021-09-07T18:31:10 IST" time="32.588" errors="0">
  <testcase name="loginLogout" time="32.588" classname="tests.TC001_LoginLogout"/>
  <system-out/>
</testsuite> <!-- tests.TC001_LoginLogout -->
