<?xml version="1.0" encoding="UTF-8"?>
<!-- Generated by org.testng.reporters.JUnitReportReporter -->
<testsuite skipped="0" hostname="DEVI" name="tests.TC003_EditLeadPage" tests="1" failures="0" timestamp="2021-08-20T18:50:01 IST" time="114.108" errors="0">
  <testcase name="editPage" time="114.108" classname="tests.TC003_EditLeadPage"/>
  <system-out/>
</testsuite> <!-- tests.TC003_EditLeadPage -->
